Created by PLY version 3.11 (http://www.dabeaz.com/ply)

Unused terminals:

    TAMANHO

Grammar

Rule 0     S' -> comandos
Rule 1     comandos -> comando
Rule 2     comandos -> comandos comando
Rule 3     comando -> CRIAR TELA NUMERO X NUMERO
Rule 4     comando -> ADICIONAR TEXTO STRING
Rule 5     comando -> COLORIR TEXTO STRING PARA STRING
Rule 6     comando -> ABRIR CONTAINER STRING NUMERO X NUMERO
Rule 7     comando -> FECHAR CONTAINER
Rule 8     comando -> ALINHAR ITEMS CONTAINER STRING STRING
Rule 9     comando -> JUSTIFICAR ITEMS CONTAINER STRING STRING
Rule 10    comando -> COLORIR CONTAINER STRING PARA STRING

Terminals, with rules where they appear

ABRIR                : 6
ADICIONAR            : 4
ALINHAR              : 8
COLORIR              : 5 10
CONTAINER            : 6 7 8 9 10
CRIAR                : 3
FECHAR               : 7
ITEMS                : 8 9
JUSTIFICAR           : 9
NUMERO               : 3 3 6 6
PARA                 : 5 10
STRING               : 4 5 5 6 8 8 9 9 10 10
TAMANHO              : 
TELA                 : 3
TEXTO                : 4 5
X                    : 3 6
error                : 

Nonterminals, with rules where they appear

comando              : 1 2
comandos             : 2 0

Parsing method: LALR

state 0

    (0) S' -> . comandos
    (1) comandos -> . comando
    (2) comandos -> . comandos comando
    (3) comando -> . CRIAR TELA NUMERO X NUMERO
    (4) comando -> . ADICIONAR TEXTO STRING
    (5) comando -> . COLORIR TEXTO STRING PARA STRING
    (6) comando -> . ABRIR CONTAINER STRING NUMERO X NUMERO
    (7) comando -> . FECHAR CONTAINER
    (8) comando -> . ALINHAR ITEMS CONTAINER STRING STRING
    (9) comando -> . JUSTIFICAR ITEMS CONTAINER STRING STRING
    (10) comando -> . COLORIR CONTAINER STRING PARA STRING

    CRIAR           shift and go to state 3
    ADICIONAR       shift and go to state 4
    COLORIR         shift and go to state 5
    ABRIR           shift and go to state 6
    FECHAR          shift and go to state 7
    ALINHAR         shift and go to state 8
    JUSTIFICAR      shift and go to state 9

    comandos                       shift and go to state 1
    comando                        shift and go to state 2

state 1

    (0) S' -> comandos .
    (2) comandos -> comandos . comando
    (3) comando -> . CRIAR TELA NUMERO X NUMERO
    (4) comando -> . ADICIONAR TEXTO STRING
    (5) comando -> . COLORIR TEXTO STRING PARA STRING
    (6) comando -> . ABRIR CONTAINER STRING NUMERO X NUMERO
    (7) comando -> . FECHAR CONTAINER
    (8) comando -> . ALINHAR ITEMS CONTAINER STRING STRING
    (9) comando -> . JUSTIFICAR ITEMS CONTAINER STRING STRING
    (10) comando -> . COLORIR CONTAINER STRING PARA STRING

    CRIAR           shift and go to state 3
    ADICIONAR       shift and go to state 4
    COLORIR         shift and go to state 5
    ABRIR           shift and go to state 6
    FECHAR          shift and go to state 7
    ALINHAR         shift and go to state 8
    JUSTIFICAR      shift and go to state 9

    comando                        shift and go to state 10

state 2

    (1) comandos -> comando .

    CRIAR           reduce using rule 1 (comandos -> comando .)
    ADICIONAR       reduce using rule 1 (comandos -> comando .)
    COLORIR         reduce using rule 1 (comandos -> comando .)
    ABRIR           reduce using rule 1 (comandos -> comando .)
    FECHAR          reduce using rule 1 (comandos -> comando .)
    ALINHAR         reduce using rule 1 (comandos -> comando .)
    JUSTIFICAR      reduce using rule 1 (comandos -> comando .)
    $end            reduce using rule 1 (comandos -> comando .)


state 3

    (3) comando -> CRIAR . TELA NUMERO X NUMERO

    TELA            shift and go to state 11


state 4

    (4) comando -> ADICIONAR . TEXTO STRING

    TEXTO           shift and go to state 12


state 5

    (5) comando -> COLORIR . TEXTO STRING PARA STRING
    (10) comando -> COLORIR . CONTAINER STRING PARA STRING

    TEXTO           shift and go to state 13
    CONTAINER       shift and go to state 14


state 6

    (6) comando -> ABRIR . CONTAINER STRING NUMERO X NUMERO

    CONTAINER       shift and go to state 15


state 7

    (7) comando -> FECHAR . CONTAINER

    CONTAINER       shift and go to state 16


state 8

    (8) comando -> ALINHAR . ITEMS CONTAINER STRING STRING

    ITEMS           shift and go to state 17


state 9

    (9) comando -> JUSTIFICAR . ITEMS CONTAINER STRING STRING

    ITEMS           shift and go to state 18


state 10

    (2) comandos -> comandos comando .

    CRIAR           reduce using rule 2 (comandos -> comandos comando .)
    ADICIONAR       reduce using rule 2 (comandos -> comandos comando .)
    COLORIR         reduce using rule 2 (comandos -> comandos comando .)
    ABRIR           reduce using rule 2 (comandos -> comandos comando .)
    FECHAR          reduce using rule 2 (comandos -> comandos comando .)
    ALINHAR         reduce using rule 2 (comandos -> comandos comando .)
    JUSTIFICAR      reduce using rule 2 (comandos -> comandos comando .)
    $end            reduce using rule 2 (comandos -> comandos comando .)


state 11

    (3) comando -> CRIAR TELA . NUMERO X NUMERO

    NUMERO          shift and go to state 19


state 12

    (4) comando -> ADICIONAR TEXTO . STRING

    STRING          shift and go to state 20


state 13

    (5) comando -> COLORIR TEXTO . STRING PARA STRING

    STRING          shift and go to state 21


state 14

    (10) comando -> COLORIR CONTAINER . STRING PARA STRING

    STRING          shift and go to state 22


state 15

    (6) comando -> ABRIR CONTAINER . STRING NUMERO X NUMERO

    STRING          shift and go to state 23


state 16

    (7) comando -> FECHAR CONTAINER .

    CRIAR           reduce using rule 7 (comando -> FECHAR CONTAINER .)
    ADICIONAR       reduce using rule 7 (comando -> FECHAR CONTAINER .)
    COLORIR         reduce using rule 7 (comando -> FECHAR CONTAINER .)
    ABRIR           reduce using rule 7 (comando -> FECHAR CONTAINER .)
    FECHAR          reduce using rule 7 (comando -> FECHAR CONTAINER .)
    ALINHAR         reduce using rule 7 (comando -> FECHAR CONTAINER .)
    JUSTIFICAR      reduce using rule 7 (comando -> FECHAR CONTAINER .)
    $end            reduce using rule 7 (comando -> FECHAR CONTAINER .)


state 17

    (8) comando -> ALINHAR ITEMS . CONTAINER STRING STRING

    CONTAINER       shift and go to state 24


state 18

    (9) comando -> JUSTIFICAR ITEMS . CONTAINER STRING STRING

    CONTAINER       shift and go to state 25


state 19

    (3) comando -> CRIAR TELA NUMERO . X NUMERO

    X               shift and go to state 26


state 20

    (4) comando -> ADICIONAR TEXTO STRING .

    CRIAR           reduce using rule 4 (comando -> ADICIONAR TEXTO STRING .)
    ADICIONAR       reduce using rule 4 (comando -> ADICIONAR TEXTO STRING .)
    COLORIR         reduce using rule 4 (comando -> ADICIONAR TEXTO STRING .)
    ABRIR           reduce using rule 4 (comando -> ADICIONAR TEXTO STRING .)
    FECHAR          reduce using rule 4 (comando -> ADICIONAR TEXTO STRING .)
    ALINHAR         reduce using rule 4 (comando -> ADICIONAR TEXTO STRING .)
    JUSTIFICAR      reduce using rule 4 (comando -> ADICIONAR TEXTO STRING .)
    $end            reduce using rule 4 (comando -> ADICIONAR TEXTO STRING .)


state 21

    (5) comando -> COLORIR TEXTO STRING . PARA STRING

    PARA            shift and go to state 27


state 22

    (10) comando -> COLORIR CONTAINER STRING . PARA STRING

    PARA            shift and go to state 28


state 23

    (6) comando -> ABRIR CONTAINER STRING . NUMERO X NUMERO

    NUMERO          shift and go to state 29


state 24

    (8) comando -> ALINHAR ITEMS CONTAINER . STRING STRING

    STRING          shift and go to state 30


state 25

    (9) comando -> JUSTIFICAR ITEMS CONTAINER . STRING STRING

    STRING          shift and go to state 31


state 26

    (3) comando -> CRIAR TELA NUMERO X . NUMERO

    NUMERO          shift and go to state 32


state 27

    (5) comando -> COLORIR TEXTO STRING PARA . STRING

    STRING          shift and go to state 33


state 28

    (10) comando -> COLORIR CONTAINER STRING PARA . STRING

    STRING          shift and go to state 34


state 29

    (6) comando -> ABRIR CONTAINER STRING NUMERO . X NUMERO

    X               shift and go to state 35


state 30

    (8) comando -> ALINHAR ITEMS CONTAINER STRING . STRING

    STRING          shift and go to state 36


state 31

    (9) comando -> JUSTIFICAR ITEMS CONTAINER STRING . STRING

    STRING          shift and go to state 37


state 32

    (3) comando -> CRIAR TELA NUMERO X NUMERO .

    CRIAR           reduce using rule 3 (comando -> CRIAR TELA NUMERO X NUMERO .)
    ADICIONAR       reduce using rule 3 (comando -> CRIAR TELA NUMERO X NUMERO .)
    COLORIR         reduce using rule 3 (comando -> CRIAR TELA NUMERO X NUMERO .)
    ABRIR           reduce using rule 3 (comando -> CRIAR TELA NUMERO X NUMERO .)
    FECHAR          reduce using rule 3 (comando -> CRIAR TELA NUMERO X NUMERO .)
    ALINHAR         reduce using rule 3 (comando -> CRIAR TELA NUMERO X NUMERO .)
    JUSTIFICAR      reduce using rule 3 (comando -> CRIAR TELA NUMERO X NUMERO .)
    $end            reduce using rule 3 (comando -> CRIAR TELA NUMERO X NUMERO .)


state 33

    (5) comando -> COLORIR TEXTO STRING PARA STRING .

    CRIAR           reduce using rule 5 (comando -> COLORIR TEXTO STRING PARA STRING .)
    ADICIONAR       reduce using rule 5 (comando -> COLORIR TEXTO STRING PARA STRING .)
    COLORIR         reduce using rule 5 (comando -> COLORIR TEXTO STRING PARA STRING .)
    ABRIR           reduce using rule 5 (comando -> COLORIR TEXTO STRING PARA STRING .)
    FECHAR          reduce using rule 5 (comando -> COLORIR TEXTO STRING PARA STRING .)
    ALINHAR         reduce using rule 5 (comando -> COLORIR TEXTO STRING PARA STRING .)
    JUSTIFICAR      reduce using rule 5 (comando -> COLORIR TEXTO STRING PARA STRING .)
    $end            reduce using rule 5 (comando -> COLORIR TEXTO STRING PARA STRING .)


state 34

    (10) comando -> COLORIR CONTAINER STRING PARA STRING .

    CRIAR           reduce using rule 10 (comando -> COLORIR CONTAINER STRING PARA STRING .)
    ADICIONAR       reduce using rule 10 (comando -> COLORIR CONTAINER STRING PARA STRING .)
    COLORIR         reduce using rule 10 (comando -> COLORIR CONTAINER STRING PARA STRING .)
    ABRIR           reduce using rule 10 (comando -> COLORIR CONTAINER STRING PARA STRING .)
    FECHAR          reduce using rule 10 (comando -> COLORIR CONTAINER STRING PARA STRING .)
    ALINHAR         reduce using rule 10 (comando -> COLORIR CONTAINER STRING PARA STRING .)
    JUSTIFICAR      reduce using rule 10 (comando -> COLORIR CONTAINER STRING PARA STRING .)
    $end            reduce using rule 10 (comando -> COLORIR CONTAINER STRING PARA STRING .)


state 35

    (6) comando -> ABRIR CONTAINER STRING NUMERO X . NUMERO

    NUMERO          shift and go to state 38


state 36

    (8) comando -> ALINHAR ITEMS CONTAINER STRING STRING .

    CRIAR           reduce using rule 8 (comando -> ALINHAR ITEMS CONTAINER STRING STRING .)
    ADICIONAR       reduce using rule 8 (comando -> ALINHAR ITEMS CONTAINER STRING STRING .)
    COLORIR         reduce using rule 8 (comando -> ALINHAR ITEMS CONTAINER STRING STRING .)
    ABRIR           reduce using rule 8 (comando -> ALINHAR ITEMS CONTAINER STRING STRING .)
    FECHAR          reduce using rule 8 (comando -> ALINHAR ITEMS CONTAINER STRING STRING .)
    ALINHAR         reduce using rule 8 (comando -> ALINHAR ITEMS CONTAINER STRING STRING .)
    JUSTIFICAR      reduce using rule 8 (comando -> ALINHAR ITEMS CONTAINER STRING STRING .)
    $end            reduce using rule 8 (comando -> ALINHAR ITEMS CONTAINER STRING STRING .)


state 37

    (9) comando -> JUSTIFICAR ITEMS CONTAINER STRING STRING .

    CRIAR           reduce using rule 9 (comando -> JUSTIFICAR ITEMS CONTAINER STRING STRING .)
    ADICIONAR       reduce using rule 9 (comando -> JUSTIFICAR ITEMS CONTAINER STRING STRING .)
    COLORIR         reduce using rule 9 (comando -> JUSTIFICAR ITEMS CONTAINER STRING STRING .)
    ABRIR           reduce using rule 9 (comando -> JUSTIFICAR ITEMS CONTAINER STRING STRING .)
    FECHAR          reduce using rule 9 (comando -> JUSTIFICAR ITEMS CONTAINER STRING STRING .)
    ALINHAR         reduce using rule 9 (comando -> JUSTIFICAR ITEMS CONTAINER STRING STRING .)
    JUSTIFICAR      reduce using rule 9 (comando -> JUSTIFICAR ITEMS CONTAINER STRING STRING .)
    $end            reduce using rule 9 (comando -> JUSTIFICAR ITEMS CONTAINER STRING STRING .)


state 38

    (6) comando -> ABRIR CONTAINER STRING NUMERO X NUMERO .

    CRIAR           reduce using rule 6 (comando -> ABRIR CONTAINER STRING NUMERO X NUMERO .)
    ADICIONAR       reduce using rule 6 (comando -> ABRIR CONTAINER STRING NUMERO X NUMERO .)
    COLORIR         reduce using rule 6 (comando -> ABRIR CONTAINER STRING NUMERO X NUMERO .)
    ABRIR           reduce using rule 6 (comando -> ABRIR CONTAINER STRING NUMERO X NUMERO .)
    FECHAR          reduce using rule 6 (comando -> ABRIR CONTAINER STRING NUMERO X NUMERO .)
    ALINHAR         reduce using rule 6 (comando -> ABRIR CONTAINER STRING NUMERO X NUMERO .)
    JUSTIFICAR      reduce using rule 6 (comando -> ABRIR CONTAINER STRING NUMERO X NUMERO .)
    $end            reduce using rule 6 (comando -> ABRIR CONTAINER STRING NUMERO X NUMERO .)

